{
  "RSpec": {
    "coverage": {
      "/Users/bsas/Dropbox/projects/makers/week8/acebook-derailed/app/helpers/application_helper.rb": [
        null,
        null,
        1,
        null
      ],
      "/Users/bsas/Dropbox/projects/makers/week8/acebook-derailed/app/helpers/comments_helper.rb": [
        1,
        null
      ],
      "/Users/bsas/Dropbox/projects/makers/week8/acebook-derailed/app/helpers/sessions_helper.rb": [
        null,
        null,
        1,
        null
      ],
      "/Users/bsas/Dropbox/projects/makers/week8/acebook-derailed/app/helpers/users_helper.rb": [
        null,
        null,
        1,
        null
      ],
      "/Users/bsas/Dropbox/projects/makers/week8/acebook-derailed/app/helpers/welcome_helper.rb": [
        null,
        null,
        1,
        null
      ],
      "/Users/bsas/Dropbox/projects/makers/week8/acebook-derailed/app/controllers/comments_controller.rb": [
        1,
        1,
        1,
        null,
        null,
        null,
        1,
        0,
        null,
        null,
        null,
        null,
        1,
        null,
        null,
        null,
        1,
        0,
        null,
        null,
        null,
        1,
        null,
        null,
        null,
        null,
        1,
        0,
        null,
        0,
        0,
        0,
        0,
        null,
        0,
        null,
        null,
        null,
        null,
        null,
        null,
        1,
        0,
        0,
        0,
        0,
        null,
        0,
        0,
        null,
        null,
        null,
        null,
        null,
        null,
        1,
        0,
        0,
        0,
        0,
        null,
        null,
        null,
        1,
        null,
        1,
        0,
        null,
        null,
        null,
        1,
        0,
        null,
        null,
        null,
        0,
        null,
        null
      ],
      "/Users/bsas/Dropbox/projects/makers/week8/acebook-derailed/app/controllers/application_controller.rb": [
        null,
        null,
        1,
        1,
        1,
        null,
        1,
        null,
        1,
        34,
        32,
        32,
        null,
        2,
        2,
        null,
        null,
        null,
        1,
        30,
        0,
        0,
        null,
        30,
        null,
        null,
        null
      ],
      "/Users/bsas/Dropbox/projects/makers/week8/acebook-derailed/app/controllers/sessions_controller.rb": [
        null,
        null,
        1,
        1,
        1,
        null,
        1,
        null,
        null,
        null,
        1,
        1,
        1,
        1,
        null,
        0,
        null,
        null,
        null,
        1,
        3,
        3,
        3,
        null,
        null,
        1,
        null,
        1,
        1,
        1,
        1,
        null,
        null,
        1,
        0,
        0,
        0,
        null,
        null
      ],
      "/Users/bsas/Dropbox/projects/makers/week8/acebook-derailed/app/controllers/posts_controller.rb": [
        null,
        null,
        1,
        1,
        null,
        1,
        5,
        null,
        null,
        1,
        6,
        6,
        null,
        null,
        1,
        2,
        null,
        null,
        1,
        2,
        2,
        1,
        null,
        1,
        null,
        null,
        null,
        1,
        16,
        null,
        null,
        null,
        1,
        1,
        1,
        null,
        1,
        null,
        null,
        1,
        null,
        1,
        7,
        null,
        null,
        null,
        null,
        7,
        null,
        null,
        1,
        1,
        1,
        1,
        null,
        null
      ],
      "/Users/bsas/Dropbox/projects/makers/week8/acebook-derailed/app/controllers/users_controller.rb": [
        null,
        null,
        1,
        1,
        null,
        1,
        8,
        null,
        null,
        1,
        0,
        null,
        null,
        1,
        8,
        8,
        7,
        7,
        null,
        1,
        null,
        null,
        null,
        1,
        0,
        null,
        0,
        null,
        null,
        1,
        null,
        1,
        0,
        null,
        null,
        1,
        8,
        null,
        null,
        1,
        7,
        7,
        7,
        null,
        null,
        1,
        1,
        1,
        1,
        null,
        null
      ],
      "/Users/bsas/Dropbox/projects/makers/week8/acebook-derailed/app/models/comment.rb": [
        1,
        null,
        null,
        null,
        1,
        null
      ],
      "/Users/bsas/Dropbox/projects/makers/week8/acebook-derailed/app/models/application_record.rb": [
        null,
        null,
        1,
        1,
        null
      ],
      "/Users/bsas/Dropbox/projects/makers/week8/acebook-derailed/app/models/post.rb": [
        null,
        null,
        1,
        1,
        1,
        null
      ],
      "/Users/bsas/Dropbox/projects/makers/week8/acebook-derailed/app/models/user.rb": [
        null,
        null,
        1,
        1,
        1,
        1,
        1,
        null,
        1,
        null,
        1,
        0,
        null,
        null
      ],
      "/Users/bsas/Dropbox/projects/makers/week8/acebook-derailed/app/mailers/application_mailer.rb": [
        null,
        null,
        null,
        null,
        null,
        null
      ],
      "/Users/bsas/Dropbox/projects/makers/week8/acebook-derailed/app/jobs/application_job.rb": [
        null,
        null,
        null,
        null
      ],
      "/Users/bsas/Dropbox/projects/makers/week8/acebook-derailed/app/channels/application_cable/connection.rb": [
        null,
        null,
        null,
        null,
        null,
        null
      ],
      "/Users/bsas/Dropbox/projects/makers/week8/acebook-derailed/app/channels/application_cable/channel.rb": [
        null,
        null,
        null,
        null,
        null,
        null
      ]
    },
    "timestamp": 1582288545
  }
}
