{
  "RSpec": {
    "coverage": {
      "/Users/bsas/Dropbox/projects/makers/week8/acebook-derailed/app/helpers/application_helper.rb": [
        null,
        null,
        1,
        null
      ],
      "/Users/bsas/Dropbox/projects/makers/week8/acebook-derailed/app/helpers/comments_helper.rb": [
        null,
        null,
        1,
        null
      ],
      "/Users/bsas/Dropbox/projects/makers/week8/acebook-derailed/app/helpers/sessions_helper.rb": [
        null,
        null,
        1,
        null
      ],
      "/Users/bsas/Dropbox/projects/makers/week8/acebook-derailed/app/helpers/users_helper.rb": [
        null,
        null,
        1,
        null
      ],
      "/Users/bsas/Dropbox/projects/makers/week8/acebook-derailed/app/helpers/welcome_helper.rb": [
        null,
        null,
        1,
        null
      ],
      "/Users/bsas/Dropbox/projects/makers/week8/acebook-derailed/app/controllers/comments_controller.rb": [
        null,
        null,
        1,
        1,
        1,
        null,
        null,
        null,
        1,
        0,
        null,
        null,
        null,
        null,
        1,
        null,
        null,
        1,
        0,
        null,
        null,
        null,
        1,
        null,
        null,
        null,
        1,
        1,
        1,
        1,
        1,
        1,
        null,
        0,
        null,
        null,
        0,
        null,
        null,
        null,
        null,
        null,
        1,
        0,
        0,
        0,
        0,
        null,
        0,
        0,
        null,
        null,
        null,
        null,
        null,
        null,
        1,
        0,
        0,
        0,
        0,
        null,
        null,
        null,
        1,
        null,
        null,
        1,
        0,
        null,
        null,
        null,
        1,
        1,
        null,
        null,
        null,
        1,
        null,
        null
      ],
      "/Users/bsas/Dropbox/projects/makers/week8/acebook-derailed/app/controllers/application_controller.rb": [
        null,
        null,
        1,
        1,
        1,
        null,
        1,
        null,
        1,
        47,
        45,
        45,
        null,
        2,
        2,
        null,
        null,
        null,
        1,
        44,
        0,
        0,
        null,
        44,
        null,
        null,
        null
      ],
      "/Users/bsas/Dropbox/projects/makers/week8/acebook-derailed/app/controllers/sessions_controller.rb": [
        null,
        null,
        1,
        1,
        1,
        null,
        1,
        null,
        null,
        null,
        1,
        1,
        1,
        1,
        null,
        0,
        null,
        null,
        null,
        1,
        5,
        5,
        5,
        null,
        null,
        1,
        null,
        1,
        1,
        1,
        1,
        null,
        null,
        1,
        0,
        0,
        0,
        null,
        null
      ],
      "/Users/bsas/Dropbox/projects/makers/week8/acebook-derailed/app/controllers/posts_controller.rb": [
        null,
        null,
        1,
        1,
        null,
        1,
        7,
        null,
        null,
        1,
        9,
        9,
        null,
        null,
        1,
        2,
        null,
        null,
        1,
        2,
        2,
        1,
        null,
        1,
        null,
        null,
        null,
        1,
        23,
        null,
        null,
        null,
        1,
        1,
        1,
        null,
        1,
        null,
        null,
        1,
        null,
        1,
        10,
        null,
        null,
        null,
        null,
        10,
        null,
        null,
        1,
        1,
        1,
        1,
        null,
        null
      ],
      "/Users/bsas/Dropbox/projects/makers/week8/acebook-derailed/app/controllers/users_controller.rb": [
        null,
        null,
        1,
        1,
        null,
        1,
        12,
        null,
        null,
        1,
        0,
        null,
        null,
        1,
        12,
        12,
        11,
        11,
        null,
        1,
        null,
        null,
        null,
        1,
        2,
        null,
        2,
        null,
        null,
        1,
        null,
        1,
        0,
        null,
        null,
        1,
        12,
        null,
        null,
        1,
        11,
        11,
        11,
        null,
        null,
        1,
        1,
        1,
        1,
        null,
        null
      ],
      "/Users/bsas/Dropbox/projects/makers/week8/acebook-derailed/app/models/comment.rb": [
        null,
        null,
        1,
        null,
        null,
        null,
        1,
        null
      ],
      "/Users/bsas/Dropbox/projects/makers/week8/acebook-derailed/app/models/application_record.rb": [
        null,
        null,
        1,
        1,
        null
      ],
      "/Users/bsas/Dropbox/projects/makers/week8/acebook-derailed/app/models/post.rb": [
        null,
        null,
        1,
        1,
        1,
        null
      ],
      "/Users/bsas/Dropbox/projects/makers/week8/acebook-derailed/app/models/user.rb": [
        null,
        null,
        1,
        1,
        1,
        1,
        1,
        null,
        1,
        null,
        1,
        0,
        null,
        null
      ],
      "/Users/bsas/Dropbox/projects/makers/week8/acebook-derailed/app/mailers/application_mailer.rb": [
        null,
        null,
        null,
        null,
        null,
        null
      ],
      "/Users/bsas/Dropbox/projects/makers/week8/acebook-derailed/app/jobs/application_job.rb": [
        null,
        null,
        null,
        null
      ],
      "/Users/bsas/Dropbox/projects/makers/week8/acebook-derailed/app/channels/application_cable/connection.rb": [
        null,
        null,
        null,
        null,
        null,
        null
      ],
      "/Users/bsas/Dropbox/projects/makers/week8/acebook-derailed/app/channels/application_cable/channel.rb": [
        null,
        null,
        null,
        null,
        null,
        null
      ]
    },
    "timestamp": 1582293890
  }
}
